<?xml version="1.0" encoding="UTF-8"?>
<robot generator="Robot 3.2.2 (Python 3.8.5 on win32)" generated="20210117 00:59:14.687" rpa="false">
<suite id="s1" name="Flipkart" source="C:\Users\Preethi\Flipkart\Flipkart.robot">
<test id="s1-t1" name="Open Flipkart from the browser">
<kw name="Open Browser" library="SeleniumLibrary">
<doc>Opens a new browser instance to the optional ``url``.</doc>
<arguments>
<arg>https://www.flipkart.com/</arg>
<arg>gc</arg>
</arguments>
<msg timestamp="20210117 00:59:14.922" level="INFO">Opening browser 'gc' to base url 'https://www.flipkart.com/'.</msg>
<status status="PASS" starttime="20210117 00:59:14.922" endtime="20210117 00:59:21.385"></status>
</kw>
<kw name="Maximize Browser Window" library="SeleniumLibrary">
<doc>Maximizes current browser window.</doc>
<status status="PASS" starttime="20210117 00:59:21.386" endtime="20210117 00:59:23.540"></status>
</kw>
<kw name="Capture Page Screenshot" library="SeleniumLibrary">
<doc>Takes a screenshot of the current page and embeds it into a log file.</doc>
<arguments>
<arg>Title page.png</arg>
</arguments>
<msg timestamp="20210117 00:59:24.477" level="INFO" html="yes">&lt;/td&gt;&lt;/tr&gt;&lt;tr&gt;&lt;td colspan="3"&gt;&lt;a href="Title%20page.png"&gt;&lt;img src="Title%20page.png" width="800px"&gt;&lt;/a&gt;</msg>
<status status="PASS" starttime="20210117 00:59:23.542" endtime="20210117 00:59:24.477"></status>
</kw>
<tags>
<tag>Flip</tag>
</tags>
<status status="PASS" starttime="20210117 00:59:14.922" endtime="20210117 00:59:24.478" critical="yes"></status>
</test>
<test id="s1-t2" name="Login to flipkart">
<kw name="Press Keys" library="SeleniumLibrary">
<doc>Simulates the user pressing key(s) to an element or on the active browser.</doc>
<arguments>
<arg>xpath=//*[contains(text(),'Enter Email/Mobile number')]</arg>
<arg>8519954075</arg>
</arguments>
<msg timestamp="20210117 00:59:24.494" level="INFO">Sending key(s) ('8519954075',) to xpath=//*[contains(text(),'Enter Email/Mobile number')] element.</msg>
<msg timestamp="20210117 00:59:24.840" level="INFO">Sending keys 8519954075</msg>
<status status="PASS" starttime="20210117 00:59:24.493" endtime="20210117 00:59:24.921"></status>
</kw>
<kw name="Press Keys" library="SeleniumLibrary">
<doc>Simulates the user pressing key(s) to an element or on the active browser.</doc>
<arguments>
<arg>xpath=//*[contains(text(),'Enter Password')]</arg>
<arg>Flip@Kart</arg>
</arguments>
<msg timestamp="20210117 00:59:24.923" level="INFO">Sending key(s) ('Flip@Kart',) to xpath=//*[contains(text(),'Enter Password')] element.</msg>
<msg timestamp="20210117 00:59:25.238" level="INFO">Sending keys Flip@Kart</msg>
<status status="PASS" starttime="20210117 00:59:24.923" endtime="20210117 00:59:25.303"></status>
</kw>
<kw name="Click Element" library="SeleniumLibrary">
<doc>Click the element identified by ``locator``.</doc>
<arguments>
<arg>xpath=/html/body/div[2]/div/div/div/div/div[2]/div/form/div[3]/button</arg>
</arguments>
<msg timestamp="20210117 00:59:25.304" level="INFO">Clicking element 'xpath=/html/body/div[2]/div/div/div/div/div[2]/div/form/div[3]/button'.</msg>
<status status="PASS" starttime="20210117 00:59:25.303" endtime="20210117 00:59:25.364"></status>
</kw>
<kw name="Capture Page Screenshot" library="SeleniumLibrary">
<doc>Takes a screenshot of the current page and embeds it into a log file.</doc>
<arguments>
<arg>Login page.png</arg>
</arguments>
<msg timestamp="20210117 00:59:25.835" level="INFO" html="yes">&lt;/td&gt;&lt;/tr&gt;&lt;tr&gt;&lt;td colspan="3"&gt;&lt;a href="Login%20page.png"&gt;&lt;img src="Login%20page.png" width="800px"&gt;&lt;/a&gt;</msg>
<status status="PASS" starttime="20210117 00:59:25.365" endtime="20210117 00:59:25.835"></status>
</kw>
<status status="PASS" starttime="20210117 00:59:24.490" endtime="20210117 00:59:25.837" critical="yes"></status>
</test>
<test id="s1-t3" name="View Cart">
<kw name="Sleep" library="BuiltIn">
<doc>Pauses the test executed for the given time.</doc>
<arguments>
<arg>3s</arg>
</arguments>
<msg timestamp="20210117 00:59:28.863" level="INFO">Slept 3 seconds</msg>
<status status="PASS" starttime="20210117 00:59:25.859" endtime="20210117 00:59:28.863"></status>
</kw>
<kw name="Click Element" library="SeleniumLibrary">
<doc>Click the element identified by ``locator``.</doc>
<arguments>
<arg>xpath://span[text()='Cart']</arg>
</arguments>
<msg timestamp="20210117 00:59:28.865" level="INFO">Clicking element 'xpath://span[text()='Cart']'.</msg>
<status status="PASS" starttime="20210117 00:59:28.865" endtime="20210117 00:59:28.950"></status>
</kw>
<kw name="Sleep" library="BuiltIn">
<doc>Pauses the test executed for the given time.</doc>
<arguments>
<arg>3s</arg>
</arguments>
<msg timestamp="20210117 00:59:31.962" level="INFO">Slept 3 seconds</msg>
<status status="PASS" starttime="20210117 00:59:28.951" endtime="20210117 00:59:31.962"></status>
</kw>
<kw name="Capture Page Screenshot" library="SeleniumLibrary">
<doc>Takes a screenshot of the current page and embeds it into a log file.</doc>
<arguments>
<arg>Empty cart.png</arg>
</arguments>
<msg timestamp="20210117 00:59:32.295" level="INFO" html="yes">&lt;/td&gt;&lt;/tr&gt;&lt;tr&gt;&lt;td colspan="3"&gt;&lt;a href="Empty%20cart.png"&gt;&lt;img src="Empty%20cart.png" width="800px"&gt;&lt;/a&gt;</msg>
<status status="PASS" starttime="20210117 00:59:31.964" endtime="20210117 00:59:32.295"></status>
</kw>
<status status="PASS" starttime="20210117 00:59:25.858" endtime="20210117 00:59:32.303" critical="yes"></status>
</test>
<test id="s1-t4" name="Shop Now">
<kw name="Click Element" library="SeleniumLibrary">
<doc>Click the element identified by ``locator``.</doc>
<arguments>
<arg>xpath://span[text()='Shop now']</arg>
</arguments>
<msg timestamp="20210117 00:59:32.313" level="INFO">Clicking element 'xpath://span[text()='Shop now']'.</msg>
<status status="PASS" starttime="20210117 00:59:32.313" endtime="20210117 00:59:32.417"></status>
</kw>
<kw name="Sleep" library="BuiltIn">
<doc>Pauses the test executed for the given time.</doc>
<arguments>
<arg>3s</arg>
</arguments>
<msg timestamp="20210117 00:59:35.424" level="INFO">Slept 3 seconds</msg>
<status status="PASS" starttime="20210117 00:59:32.417" endtime="20210117 00:59:35.424"></status>
</kw>
<status status="PASS" starttime="20210117 00:59:32.309" endtime="20210117 00:59:35.426" critical="yes"></status>
</test>
<test id="s1-t5" name="Select Electronics Product(Scenario 1)">
<kw name="Click Element" library="SeleniumLibrary">
<doc>Click the element identified by ``locator``.</doc>
<arguments>
<arg>xpath://div[@class='_1kidPb']//span</arg>
</arguments>
<msg timestamp="20210117 00:59:35.434" level="INFO">Clicking element 'xpath://div[@class='_1kidPb']//span'.</msg>
<status status="PASS" starttime="20210117 00:59:35.434" endtime="20210117 00:59:35.498"></status>
</kw>
<kw name="Sleep" library="BuiltIn">
<doc>Pauses the test executed for the given time.</doc>
<arguments>
<arg>3s</arg>
</arguments>
<msg timestamp="20210117 00:59:38.517" level="INFO">Slept 3 seconds</msg>
<status status="PASS" starttime="20210117 00:59:35.502" endtime="20210117 00:59:38.517"></status>
</kw>
<kw name="Capture Page Screenshot" library="SeleniumLibrary">
<doc>Takes a screenshot of the current page and embeds it into a log file.</doc>
<arguments>
<arg>Category.png</arg>
</arguments>
<msg timestamp="20210117 00:59:38.931" level="INFO" html="yes">&lt;/td&gt;&lt;/tr&gt;&lt;tr&gt;&lt;td colspan="3"&gt;&lt;a href="Category.png"&gt;&lt;img src="Category.png" width="800px"&gt;&lt;/a&gt;</msg>
<status status="PASS" starttime="20210117 00:59:38.519" endtime="20210117 00:59:38.931"></status>
</kw>
<status status="PASS" starttime="20210117 00:59:35.434" endtime="20210117 00:59:38.943" critical="yes"></status>
</test>
<test id="s1-t6" name="Select Mobile Holder under mobile Accessories">
<kw name="Click Element" library="SeleniumLibrary">
<doc>Click the element identified by ``locator``.</doc>
<arguments>
<arg>xpath://*[contains(text(),'Mobile Holders')]</arg>
</arguments>
<msg timestamp="20210117 00:59:38.969" level="INFO">Clicking element 'xpath://*[contains(text(),'Mobile Holders')]'.</msg>
<status status="PASS" starttime="20210117 00:59:38.964" endtime="20210117 00:59:39.045"></status>
</kw>
<kw name="Sleep" library="BuiltIn">
<doc>Pauses the test executed for the given time.</doc>
<arguments>
<arg>3s</arg>
</arguments>
<msg timestamp="20210117 00:59:42.053" level="INFO">Slept 3 seconds</msg>
<status status="PASS" starttime="20210117 00:59:39.046" endtime="20210117 00:59:42.054"></status>
</kw>
<kw name="Capture Page Screenshot" library="SeleniumLibrary">
<doc>Takes a screenshot of the current page and embeds it into a log file.</doc>
<arguments>
<arg>Sub Category.png</arg>
</arguments>
<msg timestamp="20210117 00:59:42.494" level="INFO" html="yes">&lt;/td&gt;&lt;/tr&gt;&lt;tr&gt;&lt;td colspan="3"&gt;&lt;a href="Sub%20Category.png"&gt;&lt;img src="Sub%20Category.png" width="800px"&gt;&lt;/a&gt;</msg>
<status status="PASS" starttime="20210117 00:59:42.055" endtime="20210117 00:59:42.494"></status>
</kw>
<status status="PASS" starttime="20210117 00:59:38.952" endtime="20210117 00:59:42.501" critical="yes"></status>
</test>
<test id="s1-t7" name="Selecting the Mobile Holders">
<kw name="Click Image" library="SeleniumLibrary">
<doc>Clicks an image identified by ``locator``.</doc>
<arguments>
<arg>xpath://*[@id="container"]/div/div[3]/div[2]/div[1]/div[2]/div[2]/div/div[3]/div/a[1]/div[1]/div/div/img</arg>
</arguments>
<msg timestamp="20210117 00:59:42.514" level="INFO">Clicking image 'xpath://*[@id="container"]/div/div[3]/div[2]/div[1]/div[2]/div[2]/div/div[3]/div/a[1]/div[1]/div/div/img'.</msg>
<status status="PASS" starttime="20210117 00:59:42.514" endtime="20210117 00:59:42.669"></status>
</kw>
<kw name="Sleep" library="BuiltIn">
<doc>Pauses the test executed for the given time.</doc>
<arguments>
<arg>3s</arg>
</arguments>
<msg timestamp="20210117 00:59:45.673" level="INFO">Slept 3 seconds</msg>
<status status="PASS" starttime="20210117 00:59:42.669" endtime="20210117 00:59:45.673"></status>
</kw>
<kw name="Select Window" library="SeleniumLibrary">
<doc>DEPRECATED in SeleniumLibrary 4.0. , use `Switch Window` instead.</doc>
<arguments>
<arg>title=Portronics POR-122 MODESK Universal Mobile Holder (Black) Mobile Holder Price in India - Buy Portronics POR-122 MODESK Universal Mobile Holder (Black) Mobile Holder online at Flipkart.com</arg>
</arguments>
<status status="PASS" starttime="20210117 00:59:45.690" endtime="20210117 00:59:47.949"></status>
</kw>
<kw name="Sleep" library="BuiltIn">
<doc>Pauses the test executed for the given time.</doc>
<arguments>
<arg>3s</arg>
</arguments>
<msg timestamp="20210117 00:59:50.968" level="INFO">Slept 3 seconds</msg>
<status status="PASS" starttime="20210117 00:59:47.953" endtime="20210117 00:59:50.968"></status>
</kw>
<kw name="Capture Page Screenshot" library="SeleniumLibrary">
<doc>Takes a screenshot of the current page and embeds it into a log file.</doc>
<arguments>
<arg>Product Details.png</arg>
</arguments>
<msg timestamp="20210117 00:59:51.423" level="INFO" html="yes">&lt;/td&gt;&lt;/tr&gt;&lt;tr&gt;&lt;td colspan="3"&gt;&lt;a href="Product%20Details.png"&gt;&lt;img src="Product%20Details.png" width="800px"&gt;&lt;/a&gt;</msg>
<status status="PASS" starttime="20210117 00:59:50.970" endtime="20210117 00:59:51.424"></status>
</kw>
<status status="PASS" starttime="20210117 00:59:42.510" endtime="20210117 00:59:51.429" critical="yes"></status>
</test>
<test id="s1-t8" name="Adding to Cart(Scenario 2)">
<kw name="Click Element" library="SeleniumLibrary">
<doc>Click the element identified by ``locator``.</doc>
<arguments>
<arg>xpath://button[text()='ADD TO CART']</arg>
</arguments>
<msg timestamp="20210117 00:59:51.463" level="INFO">Clicking element 'xpath://button[text()='ADD TO CART']'.</msg>
<status status="PASS" starttime="20210117 00:59:51.459" endtime="20210117 00:59:51.565"></status>
</kw>
<kw name="Sleep" library="BuiltIn">
<doc>Pauses the test executed for the given time.</doc>
<arguments>
<arg>3s</arg>
</arguments>
<msg timestamp="20210117 00:59:54.574" level="INFO">Slept 3 seconds</msg>
<status status="PASS" starttime="20210117 00:59:51.565" endtime="20210117 00:59:54.574"></status>
</kw>
<kw name="Capture Page Screenshot" library="SeleniumLibrary">
<doc>Takes a screenshot of the current page and embeds it into a log file.</doc>
<arguments>
<arg>Added Cart.png</arg>
</arguments>
<msg timestamp="20210117 00:59:54.928" level="INFO" html="yes">&lt;/td&gt;&lt;/tr&gt;&lt;tr&gt;&lt;td colspan="3"&gt;&lt;a href="Added%20Cart.png"&gt;&lt;img src="Added%20Cart.png" width="800px"&gt;&lt;/a&gt;</msg>
<status status="PASS" starttime="20210117 00:59:54.576" endtime="20210117 00:59:54.929"></status>
</kw>
<kw name="Close Browser" library="SeleniumLibrary">
<doc>Closes the current browser.</doc>
<status status="PASS" starttime="20210117 00:59:54.930" endtime="20210117 00:59:57.213"></status>
</kw>
<kw name="Open Browser" library="SeleniumLibrary">
<doc>Opens a new browser instance to the optional ``url``.</doc>
<arguments>
<arg>https://www.flipkart.com/</arg>
<arg>gc</arg>
</arguments>
<msg timestamp="20210117 00:59:57.215" level="INFO">Opening browser 'gc' to base url 'https://www.flipkart.com/'.</msg>
<status status="PASS" starttime="20210117 00:59:57.215" endtime="20210117 01:00:03.625"></status>
</kw>
<kw name="Maximize Browser Window" library="SeleniumLibrary">
<doc>Maximizes current browser window.</doc>
<status status="PASS" starttime="20210117 01:00:03.627" endtime="20210117 01:00:05.826"></status>
</kw>
<kw name="Press Keys" library="SeleniumLibrary">
<doc>Simulates the user pressing key(s) to an element or on the active browser.</doc>
<arguments>
<arg>xpath=//*[contains(text(),'Enter Email/Mobile number')]</arg>
<arg>8519954075</arg>
</arguments>
<msg timestamp="20210117 01:00:05.833" level="INFO">Sending key(s) ('8519954075',) to xpath=//*[contains(text(),'Enter Email/Mobile number')] element.</msg>
<msg timestamp="20210117 01:00:06.200" level="INFO">Sending keys 8519954075</msg>
<status status="PASS" starttime="20210117 01:00:05.833" endtime="20210117 01:00:06.265"></status>
</kw>
<kw name="Press Keys" library="SeleniumLibrary">
<doc>Simulates the user pressing key(s) to an element or on the active browser.</doc>
<arguments>
<arg>xpath=//*[contains(text(),'Enter Password')]</arg>
<arg>Flip@Kart</arg>
</arguments>
<msg timestamp="20210117 01:00:06.269" level="INFO">Sending key(s) ('Flip@Kart',) to xpath=//*[contains(text(),'Enter Password')] element.</msg>
<msg timestamp="20210117 01:00:06.589" level="INFO">Sending keys Flip@Kart</msg>
<status status="PASS" starttime="20210117 01:00:06.269" endtime="20210117 01:00:06.656"></status>
</kw>
<kw name="Click Element" library="SeleniumLibrary">
<doc>Click the element identified by ``locator``.</doc>
<arguments>
<arg>xpath=/html/body/div[2]/div/div/div/div/div[2]/div/form/div[3]/button</arg>
</arguments>
<msg timestamp="20210117 01:00:06.661" level="INFO">Clicking element 'xpath=/html/body/div[2]/div/div/div/div/div[2]/div/form/div[3]/button'.</msg>
<status status="PASS" starttime="20210117 01:00:06.661" endtime="20210117 01:00:06.746"></status>
</kw>
<kw name="Sleep" library="BuiltIn">
<doc>Pauses the test executed for the given time.</doc>
<arguments>
<arg>3s</arg>
</arguments>
<msg timestamp="20210117 01:00:09.754" level="INFO">Slept 3 seconds</msg>
<status status="PASS" starttime="20210117 01:00:06.747" endtime="20210117 01:00:09.754"></status>
</kw>
<kw name="Click Element" library="SeleniumLibrary">
<doc>Click the element identified by ``locator``.</doc>
<arguments>
<arg>xpath://span[text()='Cart']</arg>
</arguments>
<msg timestamp="20210117 01:00:09.755" level="INFO">Clicking element 'xpath://span[text()='Cart']'.</msg>
<status status="PASS" starttime="20210117 01:00:09.755" endtime="20210117 01:00:09.830"></status>
</kw>
<status status="PASS" starttime="20210117 00:59:51.459" endtime="20210117 01:00:09.831" critical="yes"></status>
</test>
<status status="PASS" starttime="20210117 00:59:14.705" endtime="20210117 01:00:09.851"></status>
</suite>
<statistics>
<total>
<stat pass="8" fail="0">Critical Tests</stat>
<stat pass="8" fail="0">All Tests</stat>
</total>
<tag>
<stat pass="1" fail="0">Flip</stat>
</tag>
<suite>
<stat pass="8" fail="0" id="s1" name="Flipkart">Flipkart</stat>
</suite>
</statistics>
<errors>
</errors>
</robot>
